#
# A fatal error has been detected by the Java Runtime Environment:
#
#  EXCEPTION_ACCESS_VIOLATION (0xc0000005) at pc=0x00007ffa733ac362, pid=15796, tid=15276
#
# JRE version: OpenJDK Runtime Environment (11.0.1+13) (build 11.0.1+13)
# Java VM: OpenJDK 64-Bit Server VM (11.0.1+13, mixed mode, tiered, compressed oops, g1 gc, windows-amd64)
# Problematic frame:
# C  [cscore.dll+0x3c362]
#
# No core dump will be written. Minidumps are not enabled by default on client versions of Windows
#
# If you would like to submit a bug report, please visit:
#   http://bugreport.java.com/bugreport/crash.jsp
# The crash happened outside the Java Virtual Machine in native code.
# See problematic frame for where to report the bug.
#

---------------  S U M M A R Y ------------

Command Line: -agentlib:jdwp=transport=dt_socket,server=n,suspend=y,address=localhost:60530 -Djava.library.path=C:\Users\Robotics\Desktop\4L13N_QU33N2.0\4L13N_QU33N2.0\build\tmp\jniExtractDir -Dfile.encoding=UTF-8 org.usfirst.frc5299.SixDollarMan.Main

Host: Intel(R) Core(TM) i5-6200U CPU @ 2.30GHz, 4 cores, 7G,  Windows 10 , 64 bit Build 17134 (10.0.17134.1)
Time: Mon Feb 18 10:41:49 2019 Central Standard Time elapsed time: 0 seconds (0d 0h 0m 0s)

---------------  T H R E A D  ---------------

Current thread (0x000002b1cc965800):  JavaThread "CSListener" daemon [_thread_in_native, id=15276, stack(0x000000b34d500000,0x000000b34d600000)]

Stack: [0x000000b34d500000,0x000000b34d600000],  sp=0x000000b34d5ff020,  free space=1020k
Native frames: (J=compiled Java code, j=interpreted, Vv=VM code, C=native code)
C  [cscore.dll+0x3c362]

Java frames: (J=compiled Java code, j=interpreted, Vv=VM code)
j  edu.wpi.cscore.CameraServerJNI.getSourceVideoMode(I)Ledu/wpi/cscore/VideoMode;+0
j  edu.wpi.first.wpilibj.CameraServer.lambda$new$0(Ledu/wpi/cscore/VideoEvent;)V+179
j  edu.wpi.first.wpilibj.CameraServer$$Lambda$5.accept(Ljava/lang/Object;)V+8
v  ~StubRoutines::call_stub

siginfo: EXCEPTION_ACCESS_VIOLATION (0xc0000005), reading address 0x0000000000000000


Register to memory mapping:

RIP=0x00007ffa733ac362 cscore.dll
RAX=0x00007ffa733c17f0 cscore.dll
RBX=0x000000b34d5ff100 is pointing into the stack for thread: 0x000002b1cc965800
RCX=0x0 is NULL
RDX=0x0000000000000526 is an unknown value
RSP=0x000000b34d5ff020 is pointing into the stack for thread: 0x000002b1cc965800
RBP=0x000000b34d5ff1a0 is pointing into the stack for thread: 0x000002b1cc965800
RSI=0x000002b1ccf714e0 points into unknown readable memory
RDI=0x000002b1ccf714e0 points into unknown readable memory
R8 =0x0 is NULL
R9 =0x0 is NULL
R10=0x000002b1b5545c27 is at code_begin+1959 in an Interpreter codelet
method entry point (kind = native)  [0x000002b1b5545480, 0x000002b1b5546820]  5024 bytes
R11=0x00000000895079f0 is an oop
java.lang.Class 
{0x00000000895079f0} - klass: 'java/lang/Class'
R12=0x0 is NULL
R13={method} {0x000002b1cc16e378} 'getSourceVideoMode' '(I)Ledu/wpi/cscore/VideoMode;' in 'edu/wpi/cscore/CameraServerJNI'
R14=0x000000b34d5ff1c0 is pointing into the stack for thread: 0x000002b1cc965800
R15=0x000002b1cc965800 is a thread


Registers:
RAX=0x00007ffa733c17f0, RBX=0x000000b34d5ff100, RCX=0x0000000000000000, RDX=0x0000000000000526
RSP=0x000000b34d5ff020, RBP=0x000000b34d5ff1a0, RSI=0x000002b1ccf714e0, RDI=0x000002b1ccf714e0
R8 =0x0000000000000000, R9 =0x0000000000000000, R10=0x000002b1b5545c27, R11=0x00000000895079f0
R12=0x0000000000000000, R13=0x000002b1cc16e370, R14=0x000000b34d5ff1c0, R15=0x000002b1cc965800
RIP=0x00007ffa733ac362, EFLAGS=0x0000000000010246

Top of Stack: (sp=0x000000b34d5ff020)
0x000000b34d5ff020:   0000725d38f27c1b 0000000000000100
0x000000b34d5ff030:   000000b34d5ff1c0 000000b34d5ff0b8
0x000000b34d5ff040:   000000b34d5ff108 00007ffa73384e30
0x000000b34d5ff050:   0000000041000000 00007ffa7209098c
0x000000b34d5ff060:   0000000041000000 00007ffa99d16f80
0x000000b34d5ff070:   fffffffffffffffe 000000b34d5ff1c0
0x000000b34d5ff080:   000000b34d5ff100 00007ffa7337e995
0x000000b34d5ff090:   0000000041000000 000000b34d5ff108
0x000000b34d5ff0a0:   000000b34d5ff108 000002b1cc965800
0x000000b34d5ff0b0:   fffffffffffffffe 000002b1cc969780
0x000000b34d5ff0c0:   000002b1cc969770 000000000000000c
0x000000b34d5ff0d0:   000002b1b553af2d 00007ffa99d16fb2
0x000000b34d5ff0e0:   000002b1cc965b40 000000000000000c
0x000000b34d5ff0f0:   000002b1b553af2d 000002b1b5545921
0x000000b34d5ff100:   000000b300000000 000002b1cc16e370
0x000000b34d5ff110:   000002b1cc965800 00006d3e80ec799d 

Instructions: (pc=0x00007ffa733ac362)
0x00007ffa733ac342:   5c 24 08 57 48 83 ec 20 48 8b f9 48 8b da 48 8b
0x00007ffa733ac352:   89 88 02 00 00 45 33 c9 45 33 c0 ba 26 05 00 00
0x00007ffa733ac362:   48 8b 09 ff 15 15 c0 00 00 89 03 85 c0 75 0e 0f
0x00007ffa733ac372:   b6 47 08 84 c0 75 13 c7 03 2b f8 ff ff 32 c0 48 



---------------  P R O C E S S  ---------------

Threads class SMR info:
_java_thread_list=0x000002b1cc969bc0, length=17, elements={
0x000002b1ad16b800, 0x000002b1cbc95800, 0x000002b1cbca0000, 0x000002b1cc603000,
0x000002b1cbcaf800, 0x000002b1cbcb2000, 0x000002b1cbcbd000, 0x000002b1cbcc7800,
0x000002b1cc76f000, 0x000002b1cc773000, 0x000002b1cc778800, 0x000002b1cc78d800,
0x000002b1cc795800, 0x000002b1cc909000, 0x000002b1cc95a000, 0x000002b1cc965800,
0x000002b1cc9be000
}

Java Threads: ( => current thread )
  0x000002b1ad16b800 JavaThread "main" [_thread_in_native, id=224, stack(0x000000b34ba00000,0x000000b34bb00000)]
  0x000002b1cbc95800 JavaThread "Reference Handler" daemon [_thread_blocked, id=10024, stack(0x000000b34c100000,0x000000b34c200000)]
  0x000002b1cbca0000 JavaThread "Finalizer" daemon [_thread_blocked, id=1460, stack(0x000000b34c200000,0x000000b34c300000)]
  0x000002b1cc603000 JavaThread "Signal Dispatcher" daemon [_thread_blocked, id=14048, stack(0x000000b34c300000,0x000000b34c400000)]
  0x000002b1cbcaf800 JavaThread "Attach Listener" daemon [_thread_blocked, id=13320, stack(0x000000b34c400000,0x000000b34c500000)]
  0x000002b1cbcb2000 JavaThread "C2 CompilerThread0" daemon [_thread_blocked, id=13908, stack(0x000000b34c500000,0x000000b34c600000)]
  0x000002b1cbcbd000 JavaThread "C1 CompilerThread0" daemon [_thread_blocked, id=16256, stack(0x000000b34c600000,0x000000b34c700000)]
  0x000002b1cbcc7800 JavaThread "Sweeper thread" daemon [_thread_blocked, id=9980, stack(0x000000b34c700000,0x000000b34c800000)]
  0x000002b1cc76f000 JavaThread "JDWP Transport Listener: dt_socket" daemon [_thread_blocked, id=14808, stack(0x000000b34c800000,0x000000b34c900000)]
  0x000002b1cc773000 JavaThread "JDWP Event Helper Thread" daemon [_thread_blocked, id=15676, stack(0x000000b34c900000,0x000000b34ca00000)]
  0x000002b1cc778800 JavaThread "JDWP Command Reader" daemon [_thread_in_native, id=13924, stack(0x000000b34ca00000,0x000000b34cb00000)]
  0x000002b1cc78d800 JavaThread "Service Thread" daemon [_thread_blocked, id=13656, stack(0x000000b34cb00000,0x000000b34cc00000)]
  0x000002b1cc795800 JavaThread "Common-Cleaner" daemon [_thread_blocked, id=13920, stack(0x000000b34cd00000,0x000000b34ce00000)]
  0x000002b1cc909000 JavaThread "FRCDriverStation" [_thread_in_native, id=13972, stack(0x000000b34d300000,0x000000b34d400000)]
  0x000002b1cc95a000 JavaThread "Thread-0" daemon [_thread_blocked, id=14332, stack(0x000000b34d400000,0x000000b34d500000)]
=>0x000002b1cc965800 JavaThread "CSListener" daemon [_thread_in_native, id=15276, stack(0x000000b34d500000,0x000000b34d600000)]
  0x000002b1cc9be000 JavaThread "NTEntryListener" daemon [_thread_in_native, id=7408, stack(0x000000b34d800000,0x000000b34d900000)]

Other Threads:
  0x000002b1cbc6f800 VMThread "VM Thread" [stack: 0x000000b34c000000,0x000000b34c100000] [id=13612]
  0x000002b1cc78e800 WatcherThread [stack: 0x000000b34cc00000,0x000000b34cd00000] [id=13456]
  0x000002b1ad182800 GCTaskThread "GC Thread#0" [stack: 0x000000b34bb00000,0x000000b34bc00000] [id=14276]
  0x000002b1ad1b2000 ConcurrentGCThread "G1 Main Marker" [stack: 0x000000b34bc00000,0x000000b34bd00000] [id=12372]
  0x000002b1ad1b3800 ConcurrentGCThread "G1 Conc#0" [stack: 0x000000b34bd00000,0x000000b34be00000] [id=11136]
  0x000002b1cbae1800 ConcurrentGCThread "G1 Refine#0" [stack: 0x000000b34be00000,0x000000b34bf00000] [id=14080]
  0x000002b1ad236000 ConcurrentGCThread "G1 Young RemSet Sampling" [stack: 0x000000b34bf00000,0x000000b34c000000] [id=13708]

Threads with active compile tasks:

VM state:not at safepoint (normal execution)

VM Mutex/Monitor currently owned by a thread: None

Heap address: 0x0000000081800000, size: 2024 MB, Compressed Oops mode: 32-bit
Narrow klass base: 0x0000000000000000, Narrow klass shift: 3
Compressed class space size: 1073741824 Address: 0x0000000100000000

Heap:
 garbage-first heap   total 131072K, used 4096K [0x0000000081800000, 0x0000000100000000)
  region size 1024K, 5 young (5120K), 0 survivors (0K)
 Metaspace       used 6624K, capacity 6746K, committed 6784K, reserved 1056768K
  class space    used 569K, capacity 634K, committed 640K, reserved 1048576K
Heap Regions: E=young(eden), S=young(survivor), O=old, HS=humongous(starts), HC=humongous(continues), CS=collection set, F=free, A=archive, TAMS=top-at-mark-start (previous, next)
|   0|0x0000000081800000, 0x0000000081800000, 0x0000000081900000|  0%| F|  |TAMS 0x0000000081800000, 0x0000000081800000| Untracked 
|   1|0x0000000081900000, 0x0000000081900000, 0x0000000081a00000|  0%| F|  |TAMS 0x0000000081900000, 0x0000000081900000| Untracked 
|   2|0x0000000081a00000, 0x0000000081a00000, 0x0000000081b00000|  0%| F|  |TAMS 0x0000000081a00000, 0x0000000081a00000| Untracked 
|   3|0x0000000081b00000, 0x0000000081b00000, 0x0000000081c00000|  0%| F|  |TAMS 0x0000000081b00000, 0x0000000081b00000| Untracked 
|   4|0x0000000081c00000, 0x0000000081c00000, 0x0000000081d00000|  0%| F|  |TAMS 0x0000000081c00000, 0x0000000081c00000| Untracked 
|   5|0x0000000081d00000, 0x0000000081d00000, 0x0000000081e00000|  0%| F|  |TAMS 0x0000000081d00000, 0x0000000081d00000| Untracked 
|   6|0x0000000081e00000, 0x0000000081e00000, 0x0000000081f00000|  0%| F|  |TAMS 0x0000000081e00000, 0x0000000081e00000| Untracked 
|   7|0x0000000081f00000, 0x0000000081f00000, 0x0000000082000000|  0%| F|  |TAMS 0x0000000081f00000, 0x0000000081f00000| Untracked 
|   8|0x0000000082000000, 0x0000000082000000, 0x0000000082100000|  0%| F|  |TAMS 0x0000000082000000, 0x0000000082000000| Untracked 
|   9|0x0000000082100000, 0x0000000082100000, 0x0000000082200000|  0%| F|  |TAMS 0x0000000082100000, 0x0000000082100000| Untracked 
|  10|0x0000000082200000, 0x0000000082200000, 0x0000000082300000|  0%| F|  |TAMS 0x0000000082200000, 0x0000000082200000| Untracked 
|  11|0x0000000082300000, 0x0000000082300000, 0x0000000082400000|  0%| F|  |TAMS 0x0000000082300000, 0x0000000082300000| Untracked 
|  12|0x0000000082400000, 0x0000000082400000, 0x0000000082500000|  0%| F|  |TAMS 0x0000000082400000, 0x0000000082400000| Untracked 
|  13|0x0000000082500000, 0x0000000082500000, 0x0000000082600000|  0%| F|  |TAMS 0x0000000082500000, 0x0000000082500000| Untracked 
|  14|0x0000000082600000, 0x0000000082600000, 0x0000000082700000|  0%| F|  |TAMS 0x0000000082600000, 0x0000000082600000| Untracked 
|  15|0x0000000082700000, 0x0000000082700000, 0x0000000082800000|  0%| F|  |TAMS 0x0000000082700000, 0x0000000082700000| Untracked 
|  16|0x0000000082800000, 0x0000000082800000, 0x0000000082900000|  0%| F|  |TAMS 0x0000000082800000, 0x0000000082800000| Untracked 
|  17|0x0000000082900000, 0x0000000082900000, 0x0000000082a00000|  0%| F|  |TAMS 0x0000000082900000, 0x0000000082900000| Untracked 
|  18|0x0000000082a00000, 0x0000000082a00000, 0x0000000082b00000|  0%| F|  |TAMS 0x0000000082a00000, 0x0000000082a00000| Untracked 
|  19|0x0000000082b00000, 0x0000000082b00000, 0x0000000082c00000|  0%| F|  |TAMS 0x0000000082b00000, 0x0000000082b00000| Untracked 
|  20|0x0000000082c00000, 0x0000000082c00000, 0x0000000082d00000|  0%| F|  |TAMS 0x0000000082c00000, 0x0000000082c00000| Untracked 
|  21|0x0000000082d00000, 0x0000000082d00000, 0x0000000082e00000|  0%| F|  |TAMS 0x0000000082d00000, 0x0000000082d00000| Untracked 
|  22|0x0000000082e00000, 0x0000000082e00000, 0x0000000082f00000|  0%| F|  |TAMS 0x0000000082e00000, 0x0000000082e00000| Untracked 
|  23|0x0000000082f00000, 0x0000000082f00000, 0x0000000083000000|  0%| F|  |TAMS 0x0000000082f00000, 0x0000000082f00000| Untracked 
|  24|0x0000000083000000, 0x0000000083000000, 0x0000000083100000|  0%| F|  |TAMS 0x0000000083000000, 0x0000000083000000| Untracked 
|  25|0x0000000083100000, 0x0000000083100000, 0x0000000083200000|  0%| F|  |TAMS 0x0000000083100000, 0x0000000083100000| Untracked 
|  26|0x0000000083200000, 0x0000000083200000, 0x0000000083300000|  0%| F|  |TAMS 0x0000000083200000, 0x0000000083200000| Untracked 
|  27|0x0000000083300000, 0x0000000083300000, 0x0000000083400000|  0%| F|  |TAMS 0x0000000083300000, 0x0000000083300000| Untracked 
|  28|0x0000000083400000, 0x0000000083400000, 0x0000000083500000|  0%| F|  |TAMS 0x0000000083400000, 0x0000000083400000| Untracked 
|  29|0x0000000083500000, 0x0000000083500000, 0x0000000083600000|  0%| F|  |TAMS 0x0000000083500000, 0x0000000083500000| Untracked 
|  30|0x0000000083600000, 0x0000000083600000, 0x0000000083700000|  0%| F|  |TAMS 0x0000000083600000, 0x0000000083600000| Untracked 
|  31|0x0000000083700000, 0x0000000083700000, 0x0000000083800000|  0%| F|  |TAMS 0x0000000083700000, 0x0000000083700000| Untracked 
|  32|0x0000000083800000, 0x0000000083800000, 0x0000000083900000|  0%| F|  |TAMS 0x0000000083800000, 0x0000000083800000| Untracked 
|  33|0x0000000083900000, 0x0000000083900000, 0x0000000083a00000|  0%| F|  |TAMS 0x0000000083900000, 0x0000000083900000| Untracked 
|  34|0x0000000083a00000, 0x0000000083a00000, 0x0000000083b00000|  0%| F|  |TAMS 0x0000000083a00000, 0x0000000083a00000| Untracked 
|  35|0x0000000083b00000, 0x0000000083b00000, 0x0000000083c00000|  0%| F|  |TAMS 0x0000000083b00000, 0x0000000083b00000| Untracked 
|  36|0x0000000083c00000, 0x0000000083c00000, 0x0000000083d00000|  0%| F|  |TAMS 0x0000000083c00000, 0x0000000083c00000| Untracked 
|  37|0x0000000083d00000, 0x0000000083d00000, 0x0000000083e00000|  0%| F|  |TAMS 0x0000000083d00000, 0x0000000083d00000| Untracked 
|  38|0x0000000083e00000, 0x0000000083e00000, 0x0000000083f00000|  0%| F|  |TAMS 0x0000000083e00000, 0x0000000083e00000| Untracked 
|  39|0x0000000083f00000, 0x0000000083f00000, 0x0000000084000000|  0%| F|  |TAMS 0x0000000083f00000, 0x0000000083f00000| Untracked 
|  40|0x0000000084000000, 0x0000000084000000, 0x0000000084100000|  0%| F|  |TAMS 0x0000000084000000, 0x0000000084000000| Untracked 
|  41|0x0000000084100000, 0x0000000084100000, 0x0000000084200000|  0%| F|  |TAMS 0x0000000084100000, 0x0000000084100000| Untracked 
|  42|0x0000000084200000, 0x0000000084200000, 0x0000000084300000|  0%| F|  |TAMS 0x0000000084200000, 0x0000000084200000| Untracked 
|  43|0x0000000084300000, 0x0000000084300000, 0x0000000084400000|  0%| F|  |TAMS 0x0000000084300000, 0x0000000084300000| Untracked 
|  44|0x0000000084400000, 0x0000000084400000, 0x0000000084500000|  0%| F|  |TAMS 0x0000000084400000, 0x0000000084400000| Untracked 
|  45|0x0000000084500000, 0x0000000084500000, 0x0000000084600000|  0%| F|  |TAMS 0x0000000084500000, 0x0000000084500000| Untracked 
|  46|0x0000000084600000, 0x0000000084600000, 0x0000000084700000|  0%| F|  |TAMS 0x0000000084600000, 0x0000000084600000| Untracked 
|  47|0x0000000084700000, 0x0000000084700000, 0x0000000084800000|  0%| F|  |TAMS 0x0000000084700000, 0x0000000084700000| Untracked 
|  48|0x0000000084800000, 0x0000000084800000, 0x0000000084900000|  0%| F|  |TAMS 0x0000000084800000, 0x0000000084800000| Untracked 
|  49|0x0000000084900000, 0x0000000084900000, 0x0000000084a00000|  0%| F|  |TAMS 0x0000000084900000, 0x0000000084900000| Untracked 
|  50|0x0000000084a00000, 0x0000000084a00000, 0x0000000084b00000|  0%| F|  |TAMS 0x0000000084a00000, 0x0000000084a00000| Untracked 
|  51|0x0000000084b00000, 0x0000000084b00000, 0x0000000084c00000|  0%| F|  |TAMS 0x0000000084b00000, 0x0000000084b00000| Untracked 
|  52|0x0000000084c00000, 0x0000000084c00000, 0x0000000084d00000|  0%| F|  |TAMS 0x0000000084c00000, 0x0000000084c00000| Untracked 
|  53|0x0000000084d00000, 0x0000000084d00000, 0x0000000084e00000|  0%| F|  |TAMS 0x0000000084d00000, 0x0000000084d00000| Untracked 
|  54|0x0000000084e00000, 0x0000000084e00000, 0x0000000084f00000|  0%| F|  |TAMS 0x0000000084e00000, 0x0000000084e00000| Untracked 
|  55|0x0000000084f00000, 0x0000000084f00000, 0x0000000085000000|  0%| F|  |TAMS 0x0000000084f00000, 0x0000000084f00000| Untracked 
|  56|0x0000000085000000, 0x0000000085000000, 0x0000000085100000|  0%| F|  |TAMS 0x0000000085000000, 0x0000000085000000| Untracked 
|  57|0x0000000085100000, 0x0000000085100000, 0x0000000085200000|  0%| F|  |TAMS 0x0000000085100000, 0x0000000085100000| Untracked 
|  58|0x0000000085200000, 0x0000000085200000, 0x0000000085300000|  0%| F|  |TAMS 0x0000000085200000, 0x0000000085200000| Untracked 
|  59|0x0000000085300000, 0x0000000085300000, 0x0000000085400000|  0%| F|  |TAMS 0x0000000085300000, 0x0000000085300000| Untracked 
|  60|0x0000000085400000, 0x0000000085400000, 0x0000000085500000|  0%| F|  |TAMS 0x0000000085400000, 0x0000000085400000| Untracked 
|  61|0x0000000085500000, 0x0000000085500000, 0x0000000085600000|  0%| F|  |TAMS 0x0000000085500000, 0x0000000085500000| Untracked 
|  62|0x0000000085600000, 0x0000000085600000, 0x0000000085700000|  0%| F|  |TAMS 0x0000000085600000, 0x0000000085600000| Untracked 
|  63|0x0000000085700000, 0x0000000085700000, 0x0000000085800000|  0%| F|  |TAMS 0x0000000085700000, 0x0000000085700000| Untracked 
|  64|0x0000000085800000, 0x0000000085800000, 0x0000000085900000|  0%| F|  |TAMS 0x0000000085800000, 0x0000000085800000| Untracked 
|  65|0x0000000085900000, 0x0000000085900000, 0x0000000085a00000|  0%| F|  |TAMS 0x0000000085900000, 0x0000000085900000| Untracked 
|  66|0x0000000085a00000, 0x0000000085a00000, 0x0000000085b00000|  0%| F|  |TAMS 0x0000000085a00000, 0x0000000085a00000| Untracked 
|  67|0x0000000085b00000, 0x0000000085b00000, 0x0000000085c00000|  0%| F|  |TAMS 0x0000000085b00000, 0x0000000085b00000| Untracked 
|  68|0x0000000085c00000, 0x0000000085c00000, 0x0000000085d00000|  0%| F|  |TAMS 0x0000000085c00000, 0x0000000085c00000| Untracked 
|  69|0x0000000085d00000, 0x0000000085d00000, 0x0000000085e00000|  0%| F|  |TAMS 0x0000000085d00000, 0x0000000085d00000| Untracked 
|  70|0x0000000085e00000, 0x0000000085e00000, 0x0000000085f00000|  0%| F|  |TAMS 0x0000000085e00000, 0x0000000085e00000| Untracked 
|  71|0x0000000085f00000, 0x0000000085f00000, 0x0000000086000000|  0%| F|  |TAMS 0x0000000085f00000, 0x0000000085f00000| Untracked 
|  72|0x0000000086000000, 0x0000000086000000, 0x0000000086100000|  0%| F|  |TAMS 0x0000000086000000, 0x0000000086000000| Untracked 
|  73|0x0000000086100000, 0x0000000086100000, 0x0000000086200000|  0%| F|  |TAMS 0x0000000086100000, 0x0000000086100000| Untracked 
|  74|0x0000000086200000, 0x0000000086200000, 0x0000000086300000|  0%| F|  |TAMS 0x0000000086200000, 0x0000000086200000| Untracked 
|  75|0x0000000086300000, 0x0000000086300000, 0x0000000086400000|  0%| F|  |TAMS 0x0000000086300000, 0x0000000086300000| Untracked 
|  76|0x0000000086400000, 0x0000000086400000, 0x0000000086500000|  0%| F|  |TAMS 0x0000000086400000, 0x0000000086400000| Untracked 
|  77|0x0000000086500000, 0x0000000086500000, 0x0000000086600000|  0%| F|  |TAMS 0x0000000086500000, 0x0000000086500000| Untracked 
|  78|0x0000000086600000, 0x0000000086600000, 0x0000000086700000|  0%| F|  |TAMS 0x0000000086600000, 0x0000000086600000| Untracked 
|  79|0x0000000086700000, 0x0000000086700000, 0x0000000086800000|  0%| F|  |TAMS 0x0000000086700000, 0x0000000086700000| Untracked 
|  80|0x0000000086800000, 0x0000000086800000, 0x0000000086900000|  0%| F|  |TAMS 0x0000000086800000, 0x0000000086800000| Untracked 
|  81|0x0000000086900000, 0x0000000086900000, 0x0000000086a00000|  0%| F|  |TAMS 0x0000000086900000, 0x0000000086900000| Untracked 
|  82|0x0000000086a00000, 0x0000000086a00000, 0x0000000086b00000|  0%| F|  |TAMS 0x0000000086a00000, 0x0000000086a00000| Untracked 
|  83|0x0000000086b00000, 0x0000000086b00000, 0x0000000086c00000|  0%| F|  |TAMS 0x0000000086b00000, 0x0000000086b00000| Untracked 
|  84|0x0000000086c00000, 0x0000000086c00000, 0x0000000086d00000|  0%| F|  |TAMS 0x0000000086c00000, 0x0000000086c00000| Untracked 
|  85|0x0000000086d00000, 0x0000000086d00000, 0x0000000086e00000|  0%| F|  |TAMS 0x0000000086d00000, 0x0000000086d00000| Untracked 
|  86|0x0000000086e00000, 0x0000000086e00000, 0x0000000086f00000|  0%| F|  |TAMS 0x0000000086e00000, 0x0000000086e00000| Untracked 
|  87|0x0000000086f00000, 0x0000000086f00000, 0x0000000087000000|  0%| F|  |TAMS 0x0000000086f00000, 0x0000000086f00000| Untracked 
|  88|0x0000000087000000, 0x0000000087000000, 0x0000000087100000|  0%| F|  |TAMS 0x0000000087000000, 0x0000000087000000| Untracked 
|  89|0x0000000087100000, 0x0000000087100000, 0x0000000087200000|  0%| F|  |TAMS 0x0000000087100000, 0x0000000087100000| Untracked 
|  90|0x0000000087200000, 0x0000000087200000, 0x0000000087300000|  0%| F|  |TAMS 0x0000000087200000, 0x0000000087200000| Untracked 
|  91|0x0000000087300000, 0x0000000087300000, 0x0000000087400000|  0%| F|  |TAMS 0x0000000087300000, 0x0000000087300000| Untracked 
|  92|0x0000000087400000, 0x0000000087400000, 0x0000000087500000|  0%| F|  |TAMS 0x0000000087400000, 0x0000000087400000| Untracked 
|  93|0x0000000087500000, 0x0000000087500000, 0x0000000087600000|  0%| F|  |TAMS 0x0000000087500000, 0x0000000087500000| Untracked 
|  94|0x0000000087600000, 0x0000000087600000, 0x0000000087700000|  0%| F|  |TAMS 0x0000000087600000, 0x0000000087600000| Untracked 
|  95|0x0000000087700000, 0x0000000087700000, 0x0000000087800000|  0%| F|  |TAMS 0x0000000087700000, 0x0000000087700000| Untracked 
|  96|0x0000000087800000, 0x0000000087800000, 0x0000000087900000|  0%| F|  |TAMS 0x0000000087800000, 0x0000000087800000| Untracked 
|  97|0x0000000087900000, 0x0000000087900000, 0x0000000087a00000|  0%| F|  |TAMS 0x0000000087900000, 0x0000000087900000| Untracked 
|  98|0x0000000087a00000, 0x0000000087a00000, 0x0000000087b00000|  0%| F|  |TAMS 0x0000000087a00000, 0x0000000087a00000| Untracked 
|  99|0x0000000087b00000, 0x0000000087b00000, 0x0000000087c00000|  0%| F|  |TAMS 0x0000000087b00000, 0x0000000087b00000| Untracked 
| 100|0x0000000087c00000, 0x0000000087c00000, 0x0000000087d00000|  0%| F|  |TAMS 0x0000000087c00000, 0x0000000087c00000| Untracked 
| 101|0x0000000087d00000, 0x0000000087d00000, 0x0000000087e00000|  0%| F|  |TAMS 0x0000000087d00000, 0x0000000087d00000| Untracked 
| 102|0x0000000087e00000, 0x0000000087e00000, 0x0000000087f00000|  0%| F|  |TAMS 0x0000000087e00000, 0x0000000087e00000| Untracked 
| 103|0x0000000087f00000, 0x0000000087f00000, 0x0000000088000000|  0%| F|  |TAMS 0x0000000087f00000, 0x0000000087f00000| Untracked 
| 104|0x0000000088000000, 0x0000000088000000, 0x0000000088100000|  0%| F|  |TAMS 0x0000000088000000, 0x0000000088000000| Untracked 
| 105|0x0000000088100000, 0x0000000088100000, 0x0000000088200000|  0%| F|  |TAMS 0x0000000088100000, 0x0000000088100000| Untracked 
| 106|0x0000000088200000, 0x0000000088200000, 0x0000000088300000|  0%| F|  |TAMS 0x0000000088200000, 0x0000000088200000| Untracked 
| 107|0x0000000088300000, 0x0000000088300000, 0x0000000088400000|  0%| F|  |TAMS 0x0000000088300000, 0x0000000088300000| Untracked 
| 108|0x0000000088400000, 0x0000000088400000, 0x0000000088500000|  0%| F|  |TAMS 0x0000000088400000, 0x0000000088400000| Untracked 
| 109|0x0000000088500000, 0x0000000088500000, 0x0000000088600000|  0%| F|  |TAMS 0x0000000088500000, 0x0000000088500000| Untracked 
| 110|0x0000000088600000, 0x0000000088600000, 0x0000000088700000|  0%| F|  |TAMS 0x0000000088600000, 0x0000000088600000| Untracked 
| 111|0x0000000088700000, 0x0000000088700000, 0x0000000088800000|  0%| F|  |TAMS 0x0000000088700000, 0x0000000088700000| Untracked 
| 112|0x0000000088800000, 0x0000000088800000, 0x0000000088900000|  0%| F|  |TAMS 0x0000000088800000, 0x0000000088800000| Untracked 
| 113|0x0000000088900000, 0x0000000088900000, 0x0000000088a00000|  0%| F|  |TAMS 0x0000000088900000, 0x0000000088900000| Untracked 
| 114|0x0000000088a00000, 0x0000000088a00000, 0x0000000088b00000|  0%| F|  |TAMS 0x0000000088a00000, 0x0000000088a00000| Untracked 
| 115|0x0000000088b00000, 0x0000000088b00000, 0x0000000088c00000|  0%| F|  |TAMS 0x0000000088b00000, 0x0000000088b00000| Untracked 
| 116|0x0000000088c00000, 0x0000000088c00000, 0x0000000088d00000|  0%| F|  |TAMS 0x0000000088c00000, 0x0000000088c00000| Untracked 
| 117|0x0000000088d00000, 0x0000000088d00000, 0x0000000088e00000|  0%| F|  |TAMS 0x0000000088d00000, 0x0000000088d00000| Untracked 
| 118|0x0000000088e00000, 0x0000000088e00000, 0x0000000088f00000|  0%| F|  |TAMS 0x0000000088e00000, 0x0000000088e00000| Untracked 
| 119|0x0000000088f00000, 0x0000000088f00000, 0x0000000089000000|  0%| F|  |TAMS 0x0000000088f00000, 0x0000000088f00000| Untracked 
| 120|0x0000000089000000, 0x0000000089000000, 0x0000000089100000|  0%| F|  |TAMS 0x0000000089000000, 0x0000000089000000| Untracked 
| 121|0x0000000089100000, 0x0000000089100000, 0x0000000089200000|  0%| F|  |TAMS 0x0000000089100000, 0x0000000089100000| Untracked 
| 122|0x0000000089200000, 0x0000000089200000, 0x0000000089300000|  0%| F|  |TAMS 0x0000000089200000, 0x0000000089200000| Untracked 
| 123|0x0000000089300000, 0x00000000893d79c0, 0x0000000089400000| 84%| E|  |TAMS 0x0000000089300000, 0x0000000089300000| Complete 
| 124|0x0000000089400000, 0x0000000089500000, 0x0000000089500000|100%| E|CS|TAMS 0x0000000089400000, 0x0000000089400000| Complete 
| 125|0x0000000089500000, 0x0000000089600000, 0x0000000089600000|100%| E|CS|TAMS 0x0000000089500000, 0x0000000089500000| Complete 
| 126|0x0000000089600000, 0x0000000089700000, 0x0000000089700000|100%| E|CS|TAMS 0x0000000089600000, 0x0000000089600000| Complete 
| 127|0x0000000089700000, 0x0000000089800000, 0x0000000089800000|100%| E|CS|TAMS 0x0000000089700000, 0x0000000089700000| Complete 

Card table byte_map: [0x000002b1c4f50000,0x000002b1c5350000] _byte_map_base: 0x000002b1c4b44000

Marking Bits (Prev, Next): (CMBitMap*) 0x000002b1ad1a9438, (CMBitMap*) 0x000002b1ad1a9470
 Prev Bits: [0x000002b1c5750000, 0x000002b1c76f0000)
 Next Bits: [0x000002b1c76f0000, 0x000002b1c9690000)

Polling page: 0x000002b1ad110000

Metaspace:

Usage:
  Non-class:      5.97 MB capacity,     5.91 MB (>99%) used,    54.50 KB ( <1%) free+waste,     3.25 KB ( <1%) overhead. 
      Class:    634.00 KB capacity,   569.91 KB ( 90%) used,    62.46 KB ( 10%) free+waste,     1.63 KB ( <1%) overhead. 
       Both:      6.59 MB capacity,     6.47 MB ( 98%) used,   116.96 KB (  2%) free+waste,     4.88 KB ( <1%) overhead. 

Virtual space:
  Non-class space:        8.00 MB reserved,       6.00 MB ( 75%) committed 
      Class space:        1.00 GB reserved,     640.00 KB ( <1%) committed 
             Both:        1.01 GB reserved,       6.63 MB ( <1%) committed 

Chunk freelists:
   Non-Class:  4.00 KB
       Class:  768 bytes
        Both:  4.75 KB

CodeHeap 'non-profiled nmethods': size=120064Kb used=73Kb max_used=73Kb free=119990Kb
 bounds [0x000002b1bcff0000, 0x000002b1bd260000, 0x000002b1c4530000]
CodeHeap 'profiled nmethods': size=120000Kb used=451Kb max_used=451Kb free=119548Kb
 bounds [0x000002b1b5ac0000, 0x000002b1b5d30000, 0x000002b1bcff0000]
CodeHeap 'non-nmethods': size=5696Kb used=1190Kb max_used=1202Kb free=4505Kb
 bounds [0x000002b1b5530000, 0x000002b1b57a0000, 0x000002b1b5ac0000]
 total_blobs=769 nmethods=269 adapters=345
 compilation: enabled
              stopped_count=0, restarted_count=0
 full_count=0

Compilation events (10 events):
Event: 0.565 Thread 0x000002b1cbcbd000 nmethod 265 0x000002b1b5b2da90 code [0x000002b1b5b2dc40, 0x000002b1b5b2ddf0]
Event: 0.565 Thread 0x000002b1cbcbd000  266   !   3       java.util.WeakHashMap::expungeStaleEntries (139 bytes)
Event: 0.566 Thread 0x000002b1cbcbd000 nmethod 266 0x000002b1b5b2de90 code [0x000002b1b5b2e0e0, 0x000002b1b5b2ed10]
Event: 0.566 Thread 0x000002b1cbcbd000  267       3       java.util.WeakHashMap::indexFor (6 bytes)
Event: 0.566 Thread 0x000002b1cbcbd000 nmethod 267 0x000002b1b5b2f210 code [0x000002b1b5b2f3c0, 0x000002b1b5b2f4f8]
Event: 0.566 Thread 0x000002b1cbcbd000  264       3       java.lang.StringLatin1::getChars (12 bytes)
Event: 0.566 Thread 0x000002b1cbcbd000 nmethod 264 0x000002b1b5b2f590 code [0x000002b1b5b2f760, 0x000002b1b5b2fa38]
Event: 0.566 Thread 0x000002b1cbcbd000  268       1       java.nio.HeapByteBuffer::isDirect (2 bytes)
Event: 0.566 Thread 0x000002b1cbcbd000 nmethod 268 0x000002b1bd002390 code [0x000002b1bd002540, 0x000002b1bd002658]
Event: 0.580 Thread 0x000002b1cbcbd000  269       3       java.util.concurrent.ConcurrentHashMap$Traverser::advance (188 bytes)

GC Heap History (0 events):
No events

Deoptimization events (1 events):
Event: 0.250 Thread 0x000002b1ad16b800 Uncommon trap: reason=unstable_if action=reinterpret pc=0x000002b1bcff5310 method=java.lang.String.hashCode()I @ 14 c2

Classes redefined (0 events):
No events

Internal exceptions (2 events):
Event: 0.510 Thread 0x000002b1ad16b800 Exception <a 'java/lang/NoSuchMethodError'{0x0000000089404850}: java.lang.invoke.DirectMethodHandle$Holder.invokeSpecial(Ljava/lang/Object;Ljava/lang/Object;)V> (0x0000000089404850) thrown at [t:/workspace/open/src/hotspot/share/interpreter/linkResolver.c
Event: 0.514 Thread 0x000002b1ad16b800 Exception <a 'java/lang/NoSuchMethodError'{0x0000000089412ca8}: java.lang.invoke.DirectMethodHandle$Holder.invokeStaticInit(Ljava/lang/Object;)V> (0x0000000089412ca8) thrown at [t:/workspace/open/src/hotspot/share/interpreter/linkResolver.cpp, line 772]

Events (10 events):
Event: 0.563 Executing VM operation: RevokeBias
Event: 0.563 Executing VM operation: RevokeBias done
Event: 0.563 Executing VM operation: RevokeBias
Event: 0.563 Executing VM operation: RevokeBias done
Event: 0.565 loading class edu/wpi/cscore/VideoSource$Kind
Event: 0.565 loading class edu/wpi/cscore/VideoSource$Kind done
Event: 0.574 loading class java/util/Hashtable$ValueCollection
Event: 0.574 loading class java/util/Hashtable$ValueCollection done
Event: 0.574 loading class java/util/Collections$EmptyIterator
Event: 0.574 loading class java/util/Collections$EmptyIterator done


Dynamic libraries:
0x00007ff72b390000 - 0x00007ff72b3d5000 	C:\Users\Public\frc2019\jdk\bin\java.exe
0x00007ffaaec10000 - 0x00007ffaaedf1000 	C:\Windows\SYSTEM32\ntdll.dll
0x00007ffaac650000 - 0x00007ffaac702000 	C:\Windows\System32\KERNEL32.DLL
0x00007ffaabe20000 - 0x00007ffaac093000 	C:\Windows\System32\KERNELBASE.dll
0x00007ffaac740000 - 0x00007ffaac8d0000 	C:\Windows\System32\USER32.dll
0x00007ffaab180000 - 0x00007ffaab1a0000 	C:\Windows\System32\win32u.dll
0x00007ffaad5b0000 - 0x00007ffaad5d8000 	C:\Windows\System32\GDI32.dll
0x00007ffaab1a0000 - 0x00007ffaab332000 	C:\Windows\System32\gdi32full.dll
0x00007ffaaafe0000 - 0x00007ffaab07f000 	C:\Windows\System32\msvcp_win.dll
0x00007ffaab080000 - 0x00007ffaab17a000 	C:\Windows\System32\ucrtbase.dll
0x00007ffa9a160000 - 0x00007ffa9a3c9000 	C:\Windows\WinSxS\amd64_microsoft.windows.common-controls_6595b64144ccf1df_6.0.17134.407_none_fb449d63306391e9\COMCTL32.dll
0x00007ffaad080000 - 0x00007ffaad11e000 	C:\Windows\System32\msvcrt.dll
0x00007ffaaccd0000 - 0x00007ffaacff2000 	C:\Windows\System32\combase.dll
0x00007ffaad420000 - 0x00007ffaad544000 	C:\Windows\System32\RPCRT4.dll
0x00007ffaab340000 - 0x00007ffaab3ba000 	C:\Windows\System32\bcryptPrimitives.dll
0x00007ffaac710000 - 0x00007ffaac73d000 	C:\Windows\System32\IMM32.DLL
0x00000000553b0000 - 0x00000000553e9000 	C:\PROGRA~2\Sophos\SOPHOS~2\SOPHOS~2.DLL
0x00007ffaaca70000 - 0x00007ffaaca78000 	C:\Windows\System32\PSAPI.DLL
0x00007ffa983f0000 - 0x00007ffa98406000 	C:\Users\Public\frc2019\jdk\bin\vcruntime140.dll
0x00007ffa73900000 - 0x00007ffa7399b000 	C:\Users\Public\frc2019\jdk\bin\msvcp140.dll
0x00007ffa71a80000 - 0x00007ffa725c1000 	C:\Users\Public\frc2019\jdk\bin\server\jvm.dll
0x00007ffaacb70000 - 0x00007ffaacc11000 	C:\Windows\System32\ADVAPI32.dll
0x00007ffaaeaf0000 - 0x00007ffaaeb4b000 	C:\Windows\System32\sechost.dll
0x00007ffa95b00000 - 0x00007ffa95b09000 	C:\Windows\SYSTEM32\WSOCK32.dll
0x00007ffaa5f40000 - 0x00007ffaa5f63000 	C:\Windows\SYSTEM32\WINMM.dll
0x00007ffa9e300000 - 0x00007ffa9e30a000 	C:\Windows\SYSTEM32\VERSION.dll
0x00007ffaad5e0000 - 0x00007ffaad64c000 	C:\Windows\System32\WS2_32.dll
0x00007ffaa5f10000 - 0x00007ffaa5f3a000 	C:\Windows\SYSTEM32\winmmbase.dll
0x00007ffaabdd0000 - 0x00007ffaabe19000 	C:\Windows\System32\cfgmgr32.dll
0x00007ffaaaf70000 - 0x00007ffaaaf81000 	C:\Windows\System32\kernel.appcore.dll
0x00007ffa97b60000 - 0x00007ffa97b71000 	C:\Users\Public\frc2019\jdk\bin\verify.dll
0x00007ffaa6a00000 - 0x00007ffaa6bc9000 	C:\Windows\SYSTEM32\DBGHELP.DLL
0x00007ffa92e40000 - 0x00007ffa92e69000 	C:\Windows\SYSTEM32\dbgcore.DLL
0x00007ffa97a70000 - 0x00007ffa97a98000 	C:\Users\Public\frc2019\jdk\bin\java.dll
0x00007ffa98620000 - 0x00007ffa98657000 	C:\Users\Public\frc2019\jdk\bin\jdwp.dll
0x00007ffa97a30000 - 0x00007ffa97a46000 	C:\Users\Public\frc2019\jdk\bin\zip.dll
0x00007ffaa1fa0000 - 0x00007ffaa1faa000 	C:\Users\Public\frc2019\jdk\bin\jimage.dll
0x00007ffaad650000 - 0x00007ffaaea8f000 	C:\Windows\System32\SHELL32.dll
0x00007ffaacc20000 - 0x00007ffaaccc9000 	C:\Windows\System32\shcore.dll
0x00007ffaab3c0000 - 0x00007ffaabacd000 	C:\Windows\System32\windows.storage.dll
0x00007ffaaeb50000 - 0x00007ffaaeba1000 	C:\Windows\System32\shlwapi.dll
0x00007ffaaaf90000 - 0x00007ffaaafaf000 	C:\Windows\System32\profapi.dll
0x00007ffaaaf20000 - 0x00007ffaaaf6c000 	C:\Windows\System32\powrprof.dll
0x00007ffaaafb0000 - 0x00007ffaaafba000 	C:\Windows\System32\FLTLIB.DLL
0x00007ffaa4c90000 - 0x00007ffaa4c9a000 	C:\Users\Public\frc2019\jdk\bin\dt_socket.dll
0x00007ffaaa740000 - 0x00007ffaaa7a6000 	C:\Windows\System32\mswsock.dll
0x00007ffaaa500000 - 0x00007ffaaa5be000 	C:\Windows\SYSTEM32\DNSAPI.dll
0x00007ffaaebb0000 - 0x00007ffaaebb8000 	C:\Windows\System32\NSI.dll
0x00007ffaaa4c0000 - 0x00007ffaaa4f8000 	C:\Windows\SYSTEM32\IPHLPAPI.DLL
0x0000000054f50000 - 0x0000000054f5a000 	C:\Program Files\National Instruments\Shared\mDNS Responder\nimdnsNSP.dll
0x0000000054f40000 - 0x0000000054f50000 	C:\Windows\SYSTEM32\nimdnsResponder.dll
0x00007ffaa3910000 - 0x00007ffaa3982000 	C:\Windows\System32\fwpuclnt.dll
0x00007ffaaaa20000 - 0x00007ffaaaa45000 	C:\Windows\SYSTEM32\bcrypt.dll
0x00007ffaa0570000 - 0x00007ffaa057a000 	C:\Windows\System32\rasadhlp.dll
0x00007ffa977a0000 - 0x00007ffa977b9000 	C:\Users\Public\frc2019\jdk\bin\net.dll
0x00007ffa9eb90000 - 0x00007ffa9ec6c000 	C:\Windows\SYSTEM32\WINHTTP.dll
0x00007ffa97780000 - 0x00007ffa97793000 	C:\Users\Public\frc2019\jdk\bin\nio.dll
0x00007ffa73690000 - 0x00007ffa736f1000 	C:\Users\Robotics\Desktop\4L13N_QU33N2.0\4L13N_QU33N2.0\build\tmp\jniExtractDir\wpiHaljni.dll
0x00007ffa73400000 - 0x00007ffa7346f000 	C:\Users\Robotics\Desktop\4L13N_QU33N2.0\4L13N_QU33N2.0\build\tmp\jniExtractDir\wpiHal.dll
0x00007ffa62570000 - 0x00007ffa626ab000 	C:\Users\Robotics\Desktop\4L13N_QU33N2.0\4L13N_QU33N2.0\build\tmp\jniExtractDir\wpiutil.dll
0x00007ffaac0a0000 - 0x00007ffaac1f1000 	C:\Windows\System32\ole32.dll
0x00007ffaaae50000 - 0x00007ffaaae78000 	C:\Windows\SYSTEM32\USERENV.dll
0x00007ffa99d10000 - 0x00007ffa99d26000 	C:\Users\Robotics\Desktop\4L13N_QU33N2.0\4L13N_QU33N2.0\build\tmp\jniExtractDir\cscorejni.dll
0x00007ffa73370000 - 0x00007ffa733fc000 	C:\Users\Robotics\Desktop\4L13N_QU33N2.0\4L13N_QU33N2.0\build\tmp\jniExtractDir\cscore.dll
0x00007ffa614b0000 - 0x00007ffa617ac000 	C:\Users\Robotics\Desktop\4L13N_QU33N2.0\4L13N_QU33N2.0\build\tmp\jniExtractDir\opencv_core344.dll
0x00007ffa6e220000 - 0x00007ffa6e2fc000 	C:\Users\Robotics\Desktop\4L13N_QU33N2.0\4L13N_QU33N2.0\build\tmp\jniExtractDir\opencv_imgcodecs344.dll
0x00007ffa61100000 - 0x00007ffa614b0000 	C:\Users\Robotics\Desktop\4L13N_QU33N2.0\4L13N_QU33N2.0\build\tmp\jniExtractDir\opencv_imgproc344.dll
0x00007ffaa3430000 - 0x00007ffaa360b000 	C:\Windows\SYSTEM32\MFPlat.DLL
0x00007ffa981b0000 - 0x00007ffa9822b000 	C:\Windows\SYSTEM32\MF.dll
0x00007ffa61f40000 - 0x00007ffa62038000 	C:\Windows\SYSTEM32\MFReadWrite.dll
0x00007ffa6eff0000 - 0x00007ffa6f041000 	C:\Users\Public\frc2019\jdk\bin\CONCRT140.dll
0x00007ffa60cd0000 - 0x00007ffa610fe000 	C:\Windows\SYSTEM32\MFCORE.DLL
0x00007ffaabbe0000 - 0x00007ffaabdc2000 	C:\Windows\System32\CRYPT32.dll
0x00007ffaaafc0000 - 0x00007ffaaafd2000 	C:\Windows\System32\MSASN1.dll
0x00007ffaa2f30000 - 0x00007ffaa2f39000 	C:\Windows\SYSTEM32\ksuser.dll
0x00007ffaaa910000 - 0x00007ffaaa91b000 	C:\Windows\SYSTEM32\CRYPTBASE.DLL
0x00007ffaa3230000 - 0x00007ffaa325e000 	C:\Windows\SYSTEM32\RTWorkQ.DLL
0x00007ffa60b50000 - 0x00007ffa60cc8000 	C:\Users\Robotics\Desktop\4L13N_QU33N2.0\4L13N_QU33N2.0\build\tmp\jniExtractDir\opencv_java344.dll
0x00007ffa6e8d0000 - 0x00007ffa6e96b000 	C:\Users\Robotics\Desktop\4L13N_QU33N2.0\4L13N_QU33N2.0\build\tmp\jniExtractDir\opencv_objdetect344.dll
0x00007ffa60a80000 - 0x00007ffa60b4a000 	C:\Users\Robotics\Desktop\4L13N_QU33N2.0\4L13N_QU33N2.0\build\tmp\jniExtractDir\opencv_ml344.dll
0x00007ffa60880000 - 0x00007ffa60a7f000 	C:\Users\Robotics\Desktop\4L13N_QU33N2.0\4L13N_QU33N2.0\build\tmp\jniExtractDir\opencv_calib3d344.dll
0x00007ffa607b0000 - 0x00007ffa60876000 	C:\Users\Robotics\Desktop\4L13N_QU33N2.0\4L13N_QU33N2.0\build\tmp\jniExtractDir\opencv_features2d344.dll
0x00007ffa6c580000 - 0x00007ffa6c608000 	C:\Users\Robotics\Desktop\4L13N_QU33N2.0\4L13N_QU33N2.0\build\tmp\jniExtractDir\opencv_flann344.dll
0x00007ffa6bf70000 - 0x00007ffa6bfd7000 	C:\Users\Robotics\Desktop\4L13N_QU33N2.0\4L13N_QU33N2.0\build\tmp\jniExtractDir\opencv_video344.dll
0x00007ffa606b0000 - 0x00007ffa607a5000 	C:\Users\Robotics\Desktop\4L13N_QU33N2.0\4L13N_QU33N2.0\build\tmp\jniExtractDir\opencv_photo344.dll
0x00007ffa61ec0000 - 0x00007ffa61f3f000 	C:\Users\Robotics\Desktop\4L13N_QU33N2.0\4L13N_QU33N2.0\build\tmp\jniExtractDir\opencv_videoio344.dll
0x00007ffaad1c0000 - 0x00007ffaad282000 	C:\Windows\System32\OLEAUT32.dll
0x00007ffa99b60000 - 0x00007ffa99b77000 	C:\Users\Robotics\Desktop\4L13N_QU33N2.0\4L13N_QU33N2.0\build\tmp\jniExtractDir\ntcorejni.dll
0x00007ffa60600000 - 0x00007ffa606a6000 	C:\Users\Robotics\Desktop\4L13N_QU33N2.0\4L13N_QU33N2.0\build\tmp\jniExtractDir\ntcore.dll
0x00007ffaa3b10000 - 0x00007ffaa3b1b000 	C:\Windows\SYSTEM32\WINNSI.DLL
0x00007ffaa3690000 - 0x00007ffaa36a6000 	C:\Windows\SYSTEM32\dhcpcsvc6.DLL
0x00007ffaa3410000 - 0x00007ffaa342a000 	C:\Windows\SYSTEM32\dhcpcsvc.DLL
0x00007ffaa6160000 - 0x00007ffaa61f8000 	C:\Windows\system32\uxtheme.dll
0x00007ffaa63b0000 - 0x00007ffaa63d9000 	C:\Windows\system32\dwmapi.dll
0x00007ffaad120000 - 0x00007ffaad1c0000 	C:\Windows\System32\clbcatq.dll
0x00007ffa8fe00000 - 0x00007ffa8fe4d000 	C:\Windows\System32\FSClient.dll
0x00007ffaa4d40000 - 0x00007ffaa504b000 	C:\Windows\System32\d3d11.dll
0x00007ffaa9ce0000 - 0x00007ffaa9d9b000 	C:\Windows\System32\dxgi.dll
0x00007ffa6ba90000 - 0x00007ffa6bade000 	C:\Windows\System32\MFSENSORGROUP.dll
0x00007ffaa3150000 - 0x00007ffaa315a000 	C:\Windows\SYSTEM32\AVRT.dll

dbghelp: loaded successfully - version: 4.0.5 - missing functions: none
symbol engine: initialized successfully - sym options: 0x614 - pdb path: .;C:\Users\Public\frc2019\jdk\bin;C:\Windows\SYSTEM32;C:\Windows\WinSxS\amd64_microsoft.windows.common-controls_6595b64144ccf1df_6.0.17134.407_none_fb449d63306391e9;C:\PROGRA~2\Sophos\SOPHOS~2;C:\Users\Public\frc2019\jdk\bin\server;C:\Program Files\National Instruments\Shared\mDNS Responder;C:\Users\Robotics\Desktop\4L13N_QU33N2.0\4L13N_QU33N2.0\build\tmp\jniExtractDir

VM Arguments:
jvm_args: -agentlib:jdwp=transport=dt_socket,server=n,suspend=y,address=localhost:60530 -Djava.library.path=C:\Users\Robotics\Desktop\4L13N_QU33N2.0\4L13N_QU33N2.0\build\tmp\jniExtractDir -Dfile.encoding=UTF-8 
java_command: org.usfirst.frc5299.SixDollarMan.Main
java_class_path (initial): C:\Users\Robotics\Desktop\4L13N_QU33N2.0\4L13N_QU33N2.0\bin\main;C:\Users\Public\frc2019\maven\edu\wpi\first\wpilibj\wpilibj-java\2019.1.1\wpilibj-java-2019.1.1.jar;C:\Users\Public\frc2019\maven\edu\wpi\first\ntcore\ntcore-java\2019.1.1\ntcore-java-2019.1.1.jar;C:\Users\Public\frc2019\maven\edu\wpi\first\wpiutil\wpiutil-java\2019.1.1\wpiutil-java-2019.1.1.jar;C:\Users\Public\frc2019\maven\edu\wpi\first\thirdparty\frc2019\opencv\opencv-java\3.4.4-4\opencv-java-3.4.4-4.jar;C:\Users\Public\frc2019\maven\edu\wpi\first\cscore\cscore-java\2019.1.1\cscore-java-2019.1.1.jar;C:\Users\Public\frc2019\maven\edu\wpi\first\cameraserver\cameraserver-java\2019.1.1\cameraserver-java-2019.1.1.jar;C:\Users\Public\frc2019\maven\edu\wpi\first\hal\hal-java\2019.1.1\hal-java-2019.1.1.jar;C:\Users\Public\frc2019\maven\com\ctre\phoenix\api-java\5.13.0\api-java-5.13.0.jar;C:\Users\Public\frc2019\maven\com\ctre\phoenix\wpiapi-java\5.13.0\wpiapi-java-5.13.0.jar;C:\Users\Robotics\.gradle\caches\modules-2\files-2.1\junit\junit\4.12\2973d150c0dc1fefe998f834810d68f278ea58ec\junit-4.12.jar;C:\Users\Robotics\.gradle\caches\modules-2\files-2.1\org.hamcrest\hamcrest-core\1.3\42a25dc3219429f0e5d060061f71acb49bf010a0\hamcrest-core-1.3.jar
Launcher Type: SUN_STANDARD

[Global flags]
     intx CICompilerCount                          = 3                                         {product} {ergonomic}
     uint ConcGCThreads                            = 1                                         {product} {ergonomic}
     uint G1ConcRefinementThreads                  = 4                                         {product} {ergonomic}
   size_t G1HeapRegionSize                         = 1048576                                   {product} {ergonomic}
    uintx GCDrainStackTargetSize                   = 64                                        {product} {ergonomic}
   size_t InitialHeapSize                          = 134217728                                 {product} {ergonomic}
   size_t MarkStackSize                            = 4194304                                   {product} {ergonomic}
   size_t MaxHeapSize                              = 2122317824                                {product} {ergonomic}
   size_t MaxNewSize                               = 1272971264                                {product} {ergonomic}
   size_t MinHeapDeltaBytes                        = 1048576                                   {product} {ergonomic}
    uintx NonNMethodCodeHeapSize                   = 5830092                                {pd product} {ergonomic}
    uintx NonProfiledCodeHeapSize                  = 122914074                              {pd product} {ergonomic}
    uintx ProfiledCodeHeapSize                     = 122914074                              {pd product} {ergonomic}
    uintx ReservedCodeCacheSize                    = 251658240                              {pd product} {ergonomic}
     bool SegmentedCodeCache                       = true                                      {product} {ergonomic}
     bool UseCompressedClassPointers               = true                                 {lp64_product} {ergonomic}
     bool UseCompressedOops                        = true                                 {lp64_product} {ergonomic}
     bool UseG1GC                                  = true                                      {product} {ergonomic}
     bool UseLargePagesIndividualAllocation        = false                                  {pd product} {ergonomic}

Logging:
Log output configuration:
 #0: stdout all=warning uptime,level,tags
 #1: stderr all=off uptime,level,tags

Environment Variables:
JAVA_HOME=C:\Users\Public\frc2019\jdk
PATH=C:\Users\Robotics\Desktop\4L13N_QU33N2.0\4L13N_QU33N2.0\build\tmp\jniExtractDir
USERNAME=robotics
OS=Windows_NT
PROCESSOR_IDENTIFIER=Intel64 Family 6 Model 78 Stepping 3, GenuineIntel



---------------  S Y S T E M  ---------------

OS: Windows 10 , 64 bit Build 17134 (10.0.17134.1)

CPU:total 4 (initial active 4) (2 cores per cpu, 2 threads per core) family 6 model 78 stepping 3, cmov, cx8, fxsr, mmx, sse, sse2, sse3, ssse3, sse4.1, sse4.2, popcnt, avx, avx2, aes, clmul, erms, 3dnowpref, lzcnt, ht, tsc, tscinvbit, bmi1, bmi2, adx, fma

Memory: 4k page, system-wide physical 8088M (4137M free)
TotalPageFile size 9368M (AvailPageFile size 5062M)
current process WorkingSet (physical memory assigned to process): 48M, peak: 48M
current process commit charge ("private bytes"): 203M, peak: 203M

vm_info: OpenJDK 64-Bit Server VM (11.0.1+13) for windows-amd64 JRE (11.0.1+13), built on Oct  6 2018 13:18:13 by "mach5one" with MS VC++ 15.5 (VS2017)

END.
